Using pre-set license
Built from '2022.3/staging' branch; Version is '2022.3.23f1 (dbb3f7c5b5c6) revision 14398455'; Using compiler version '192829333'; Build Type 'Release'
OS: 'Windows 11  (10.0.26100) 64bit Core' Language: 'en' Physical Memory: 32601 MB
BatchMode: 1, IsHumanControllingUs: 0, StartBugReporterOnCrash: 0, Is64bit: 1, IsPro: 1

COMMAND LINE ARGUMENTS:
E:\Unity\2022.3.23f1\Editor\Unity.exe
-adb2
-batchMode
-noUpm
-name
AssetImportWorker1
-projectPath
E:/GIT/VRSwordGame
-logFile
Logs/AssetImportWorker1.log
-srvPort
51572
Successfully changed project path to: E:/GIT/VRSwordGame
E:/GIT/VRSwordGame
[UnityMemory] Configuration Parameters - Can be set up in boot.config
    "memorysetup-bucket-allocator-granularity=16"
    "memorysetup-bucket-allocator-bucket-count=8"
    "memorysetup-bucket-allocator-block-size=33554432"
    "memorysetup-bucket-allocator-block-count=8"
    "memorysetup-main-allocator-block-size=16777216"
    "memorysetup-thread-allocator-block-size=16777216"
    "memorysetup-gfx-main-allocator-block-size=16777216"
    "memorysetup-gfx-thread-allocator-block-size=16777216"
    "memorysetup-cache-allocator-block-size=4194304"
    "memorysetup-typetree-allocator-block-size=2097152"
    "memorysetup-profiler-bucket-allocator-granularity=16"
    "memorysetup-profiler-bucket-allocator-bucket-count=8"
    "memorysetup-profiler-bucket-allocator-block-size=33554432"
    "memorysetup-profiler-bucket-allocator-block-count=8"
    "memorysetup-profiler-allocator-block-size=16777216"
    "memorysetup-profiler-editor-allocator-block-size=1048576"
    "memorysetup-temp-allocator-size-main=16777216"
    "memorysetup-job-temp-allocator-block-size=2097152"
    "memorysetup-job-temp-allocator-block-size-background=1048576"
    "memorysetup-job-temp-allocator-reduction-small-platforms=262144"
    "memorysetup-allocator-temp-initial-block-size-main=262144"
    "memorysetup-allocator-temp-initial-block-size-worker=262144"
    "memorysetup-temp-allocator-size-background-worker=32768"
    "memorysetup-temp-allocator-size-job-worker=262144"
    "memorysetup-temp-allocator-size-preload-manager=33554432"
    "memorysetup-temp-allocator-size-nav-mesh-worker=65536"
    "memorysetup-temp-allocator-size-audio-worker=65536"
    "memorysetup-temp-allocator-size-cloud-worker=32768"
    "memorysetup-temp-allocator-size-gi-baking-worker=262144"
    "memorysetup-temp-allocator-size-gfx=262144"
Player connection [14024] Host "[IP] 10.0.0.147 [Port] 0 [Flags] 2 [Guid] 27602712 [EditorId] 27602712 [Version] 1048832 [Id] WindowsEditor(7,DESKTOP-8UV1A89) [Debug] 1 [PackageName] WindowsEditor [ProjectName] Editor" joined multi-casting on [225.0.0.222:54997]...

Player connection [14024] Host "[IP] 10.0.0.147 [Port] 0 [Flags] 2 [Guid] 27602712 [EditorId] 27602712 [Version] 1048832 [Id] WindowsEditor(7,DESKTOP-8UV1A89) [Debug] 1 [PackageName] WindowsEditor [ProjectName] Editor" joined alternative multi-casting on [225.0.0.222:34997]...

[Physics::Module] Initialized MultithreadedJobDispatcher with 27 workers.
Refreshing native plugins compatible for Editor in 2.99 ms, found 4 plugins.
Preloading 0 native plugins for Editor in 0.00 ms.
Initialize engine version: 2022.3.23f1 (dbb3f7c5b5c6)
[Subsystems] Discovering subsystems at path E:/Unity/2022.3.23f1/Editor/Data/Resources/UnitySubsystems
[Subsystems] Discovering subsystems at path E:/GIT/VRSwordGame/Assets
GfxDevice: creating device client; threaded=0; jobified=0
Direct3D:
    Version:  Direct3D 11.0 [level 11.1]
    Renderer: NVIDIA GeForce RTX 3060 Ti (ID=0x2489)
    Vendor:   NVIDIA
    VRAM:     8024 MB
    Driver:   32.0.15.7247
Initialize mono
Mono path[0] = 'E:/Unity/2022.3.23f1/Editor/Data/Managed'
Mono path[1] = 'E:/Unity/2022.3.23f1/Editor/Data/MonoBleedingEdge/lib/mono/unityjit-win32'
Mono config path = 'E:/Unity/2022.3.23f1/Editor/Data/MonoBleedingEdge/etc'
Using monoOptions --debugger-agent=transport=dt_socket,embedding=1,server=y,suspend=n,address=127.0.0.1:56856
Begin MonoManager ReloadAssembly
Registering precompiled unity dll's ...
Register platform support module: E:/Unity/2022.3.23f1/Editor/Data/PlaybackEngines/WebGLSupport/UnityEditor.WebGL.Extensions.dll
Register platform support module: E:/Unity/2022.3.23f1/Editor/Data/PlaybackEngines/WindowsStandaloneSupport/UnityEditor.WindowsStandalone.Extensions.dll
Registered in 0.001806 seconds.
- Loaded All Assemblies, in  0.190 seconds
Native extension for WindowsStandalone target not found
Native extension for WebGL target not found
Mono: successfully reloaded assembly
- Finished resetting the current domain, in  0.149 seconds
Domain Reload Profiling: 339ms
	BeginReloadAssembly (56ms)
		ExecutionOrderSort (0ms)
		DisableScriptedObjects (0ms)
		BackupInstance (0ms)
		ReleaseScriptingObjects (0ms)
		CreateAndSetChildDomain (0ms)
	RebuildCommonClasses (19ms)
	RebuildNativeTypeToScriptingClass (10ms)
	initialDomainReloadingComplete (27ms)
	LoadAllAssembliesAndSetupDomain (79ms)
		LoadAssemblies (56ms)
		RebuildTransferFunctionScriptingTraits (0ms)
		AnalyzeDomain (78ms)
			TypeCache.Refresh (77ms)
				TypeCache.ScanAssembly (69ms)
			ScanForSourceGeneratedMonoScriptInfo (0ms)
			ResolveRequiredComponents (0ms)
	FinalizeReload (149ms)
		ReleaseScriptCaches (0ms)
		RebuildScriptCaches (0ms)
		SetupLoadedEditorAssemblies (115ms)
			LogAssemblyErrors (0ms)
			InitializePlatformSupportModulesInManaged (5ms)
			SetLoadedEditorAssemblies (3ms)
			RefreshPlugins (0ms)
			BeforeProcessingInitializeOnLoad (1ms)
			ProcessInitializeOnLoadAttributes (81ms)
			ProcessInitializeOnLoadMethodAttributes (26ms)
			AfterProcessingInitializeOnLoad (0ms)
			EditorAssembliesLoaded (0ms)
		ExecutionOrderSort2 (0ms)
		AwakeInstancesAfterBackupRestoration (0ms)
========================================================================
Worker process is ready to serve import requests
Begin MonoManager ReloadAssembly
- Loaded All Assemblies, in  0.373 seconds
Refreshing native plugins compatible for Editor in 1.29 ms, found 4 plugins.
Native extension for WindowsStandalone target not found
Native extension for WebGL target not found
Mono: successfully reloaded assembly
- Finished resetting the current domain, in  0.369 seconds
Domain Reload Profiling: 743ms
	BeginReloadAssembly (86ms)
		ExecutionOrderSort (0ms)
		DisableScriptedObjects (3ms)
		BackupInstance (0ms)
		ReleaseScriptingObjects (0ms)
		CreateAndSetChildDomain (14ms)
	RebuildCommonClasses (19ms)
	RebuildNativeTypeToScriptingClass (6ms)
	initialDomainReloadingComplete (21ms)
	LoadAllAssembliesAndSetupDomain (242ms)
		LoadAssemblies (174ms)
		RebuildTransferFunctionScriptingTraits (0ms)
		AnalyzeDomain (118ms)
			TypeCache.Refresh (101ms)
				TypeCache.ScanAssembly (90ms)
			ScanForSourceGeneratedMonoScriptInfo (11ms)
			ResolveRequiredComponents (4ms)
	FinalizeReload (370ms)
		ReleaseScriptCaches (0ms)
		RebuildScriptCaches (0ms)
		SetupLoadedEditorAssemblies (274ms)
			LogAssemblyErrors (0ms)
			InitializePlatformSupportModulesInManaged (3ms)
			SetLoadedEditorAssemblies (3ms)
			RefreshPlugins (0ms)
			BeforeProcessingInitializeOnLoad (35ms)
			ProcessInitializeOnLoadAttributes (220ms)
			ProcessInitializeOnLoadMethodAttributes (12ms)
			AfterProcessingInitializeOnLoad (1ms)
			EditorAssembliesLoaded (0ms)
		ExecutionOrderSort2 (0ms)
		AwakeInstancesAfterBackupRestoration (4ms)
Launched and connected shader compiler UnityShaderCompiler.exe after 0.03 seconds
Refreshing native plugins compatible for Editor in 1.91 ms, found 4 plugins.
Preloading 0 native plugins for Editor in 0.00 ms.
Unloading 4454 Unused Serialized files (Serialized files now loaded: 0)
Unloading 75 unused Assets / (59.5 KB). Loaded Objects now: 4916.
Memory consumption went from 155.1 MB to 155.1 MB.
Total: 2.277200 ms (FindLiveObjects: 0.180900 ms CreateObjectMapping: 0.060900 ms MarkObjects: 1.925500 ms  DeleteObjects: 0.109100 ms)

AssetImportParameters requested are different than current active one (requested -> active):
  custom:container-demuxer-ogg: 62fdf1f143b41e24485cea50d1cbac27 -> 
  custom:video-decoder-ogg-theora: a1e56fd34408186e4bbccfd4996cb3dc -> 
  custom:framework-win-MediaFoundation: 216162199b28c13a410421893ffa2e32 -> 
  custom:CustomObjectIndexerAttribute: 9a22284fe3817be447336de3de66b15e -> 
  custom:container-demuxer-webm: 4f35f7cbe854078d1ac9338744f61a02 -> 
  custom:container-muxer-webm: aa71ff27fc2769a1b78a27578f13a17b -> 
  custom:video-decoder-webm-vp8: 9c59270c3fd7afecdb556c50c9e8de78 -> 
  custom:SearchIndexIgnoredProperties: e643bd26f0fe6173181afceb89e7c659 -> 
  custom:AudioImporter_EditorPlatform: d09bf68614088b80899f8185d706f6e7 -> 
  custom:video-encoder-webm-vp8: eb34c28f22e8b96e1ab97ce403110664 -> 
  custom:audio-decoder-ogg-vorbis: bf7c407c2cedff20999df2af8eb42d56 -> 
  custom:audio-encoder-webm-vorbis: bf7c407c2cedff20999df2af8eb42d56 -> 
========================================================================
Received Import Request.
  Time since last request: 1716833.457339 seconds.
  path: Assets/Plugins/RealtimeCSG/Editor/Resources/Icons/icon_pers_csg_addition_small.png
  artifactKey: Guid(22369d570c992b0408d43fdb0bceb8ca) Importer(2089858483,0ecaa5967403d082aa24f35e1b516d23)
Start importing Assets/Plugins/RealtimeCSG/Editor/Resources/Icons/icon_pers_csg_addition_small.png using Guid(22369d570c992b0408d43fdb0bceb8ca) Importer(2089858483,0ecaa5967403d082aa24f35e1b516d23)  -> (artifact id: '1460ed2c51474a8d871a5ab97a2bbc54') in 0.101470 seconds
Number of updated asset objects reloaded before import = 0
Number of asset objects unloaded after import = 1
========================================================================
Received Import Request.
  Time since last request: 0.000032 seconds.
  path: Assets/Plugins/RealtimeCSG/Editor/Resources/Icons/icon_pers_nosnap_on.png
  artifactKey: Guid(0f0cb9b152740de41918ca4d230572b8) Importer(2089858483,0ecaa5967403d082aa24f35e1b516d23)
Start importing Assets/Plugins/RealtimeCSG/Editor/Resources/Icons/icon_pers_nosnap_on.png using Guid(0f0cb9b152740de41918ca4d230572b8) Importer(2089858483,0ecaa5967403d082aa24f35e1b516d23)  -> (artifact id: 'dae2ea63693a0406619361dc90ef7bc1') in 0.020325 seconds
Number of updated asset objects reloaded before import = 0
Number of asset objects unloaded after import = 1
========================================================================
Received Import Request.
  Time since last request: 0.000064 seconds.
  path: Assets/Plugins/RealtimeCSG/Editor/Resources/Icons/icon_pro_csg_subtraction_small_on.png
  artifactKey: Guid(b39c886fc3e116041aca05c116016ed8) Importer(2089858483,0ecaa5967403d082aa24f35e1b516d23)
Start importing Assets/Plugins/RealtimeCSG/Editor/Resources/Icons/icon_pro_csg_subtraction_small_on.png using Guid(b39c886fc3e116041aca05c116016ed8) Importer(2089858483,0ecaa5967403d082aa24f35e1b516d23)  -> (artifact id: '32b47963052a72df8525f31888c1ad8e') in 0.016358 seconds
Number of updated asset objects reloaded before import = 0
Number of asset objects unloaded after import = 1
========================================================================
Received Import Request.
  Time since last request: 0.000024 seconds.
  path: Assets/Plugins/RealtimeCSG/Editor/Resources/Icons/icon_pro_csg_addition_small.png
  artifactKey: Guid(8188f97c2112b2e4fa006b9d3866d9fa) Importer(2089858483,0ecaa5967403d082aa24f35e1b516d23)
Start importing Assets/Plugins/RealtimeCSG/Editor/Resources/Icons/icon_pro_csg_addition_small.png using Guid(8188f97c2112b2e4fa006b9d3866d9fa) Importer(2089858483,0ecaa5967403d082aa24f35e1b516d23)  -> (artifact id: '9e3c5a17437d919ac38c02ded6a586d5') in 0.011247 seconds
Number of updated asset objects reloaded before import = 0
Number of asset objects unloaded after import = 1
========================================================================
Received Import Request.
  Time since last request: 0.000012 seconds.
  path: Assets/Plugins/RealtimeCSG/API/Legacy/Runtime/Surface.cs
  artifactKey: Guid(b3122f1ad56fc5045b4f51ffe7ef9892) Importer(2089858483,0ecaa5967403d082aa24f35e1b516d23)
Start importing Assets/Plugins/RealtimeCSG/API/Legacy/Runtime/Surface.cs using Guid(b3122f1ad56fc5045b4f51ffe7ef9892) Importer(2089858483,0ecaa5967403d082aa24f35e1b516d23)  -> (artifact id: 'e3db270ec3b96602ef5cc39dc3679def') in 0.011256 seconds
Number of updated asset objects reloaded before import = 0
Number of asset objects unloaded after import = 1
========================================================================
Received Import Request.
  Time since last request: 0.000051 seconds.
  path: Assets/Plugins/RealtimeCSG/Editor/Resources/Icons/icon_pro_relsnap.png
  artifactKey: Guid(418b1f01b0c4efd42aa542f1b11a5609) Importer(2089858483,0ecaa5967403d082aa24f35e1b516d23)
Start importing Assets/Plugins/RealtimeCSG/Editor/Resources/Icons/icon_pro_relsnap.png using Guid(418b1f01b0c4efd42aa542f1b11a5609) Importer(2089858483,0ecaa5967403d082aa24f35e1b516d23)  -> (artifact id: 'b43c0a16d42a8959b48859b05175c1b0') in 0.011119 seconds
Number of updated asset objects reloaded before import = 0
Number of asset objects unloaded after import = 1
========================================================================
Received Import Request.
  Time since last request: 0.000016 seconds.
  path: Assets/Plugins/RealtimeCSG/Editor/Resources/Icons/icon_pers_remove_front.png
  artifactKey: Guid(5d4e21cb6039fa14684ab68939a224d2) Importer(2089858483,0ecaa5967403d082aa24f35e1b516d23)
Start importing Assets/Plugins/RealtimeCSG/Editor/Resources/Icons/icon_pers_remove_front.png using Guid(5d4e21cb6039fa14684ab68939a224d2) Importer(2089858483,0ecaa5967403d082aa24f35e1b516d23)  -> (artifact id: '60b7edd1222691436f038246fb48f227') in 0.011961 seconds
Number of updated asset objects reloaded before import = 0
Number of asset objects unloaded after import = 1
========================================================================
Received Import Request.
  Time since last request: 0.000012 seconds.
  path: Assets/Plugins/RealtimeCSG/API/Foundation/Editor/Version.cs
  artifactKey: Guid(cf23543625aeddc4a86f667865e9acaf) Importer(2089858483,0ecaa5967403d082aa24f35e1b516d23)
Start importing Assets/Plugins/RealtimeCSG/API/Foundation/Editor/Version.cs using Guid(cf23543625aeddc4a86f667865e9acaf) Importer(2089858483,0ecaa5967403d082aa24f35e1b516d23)  -> (artifact id: '5d2b9382861dcda204d3ae893757b832') in 0.006159 seconds
Number of updated asset objects reloaded before import = 0
Number of asset objects unloaded after import = 1
========================================================================
Received Import Request.
  Time since last request: 0.000029 seconds.
  path: Assets/Plugins/RealtimeCSG/API/Legacy/Runtime/Shape.cs
  artifactKey: Guid(3d204c599f3b75249907eba466d1f210) Importer(2089858483,0ecaa5967403d082aa24f35e1b516d23)
Start importing Assets/Plugins/RealtimeCSG/API/Legacy/Runtime/Shape.cs using Guid(3d204c599f3b75249907eba466d1f210) Importer(2089858483,0ecaa5967403d082aa24f35e1b516d23)  -> (artifact id: '004aa255ccc2fec7a58dc1ca24c14a8b') in 0.006810 seconds
Number of updated asset objects reloaded before import = 0
Number of asset objects unloaded after import = 1
========================================================================
Received Import Request.
  Time since last request: 0.000035 seconds.
  path: Assets/Plugins/RealtimeCSG/Editor/Resources/Icons/icon_pro_rebuild_on.png
  artifactKey: Guid(d63245101a066c445bddb792b0693c9b) Importer(2089858483,0ecaa5967403d082aa24f35e1b516d23)
Start importing Assets/Plugins/RealtimeCSG/Editor/Resources/Icons/icon_pro_rebuild_on.png using Guid(d63245101a066c445bddb792b0693c9b) Importer(2089858483,0ecaa5967403d082aa24f35e1b516d23)  -> (artifact id: '40de04f7c060ccd0d9f4c64087ea8618') in 0.009479 seconds
Number of updated asset objects reloaded before import = 0
Number of asset objects unloaded after import = 1
========================================================================
Received Import Request.
  Time since last request: 0.000078 seconds.
  path: Assets/SkySeries Freebie/FreebieHdri/SkyhighFluffycloudField4k.hdr
  artifactKey: Guid(18a0be10f0f64ac4c9f679d68e2cf857) Importer(2089858483,0ecaa5967403d082aa24f35e1b516d23)
Start importing Assets/SkySeries Freebie/FreebieHdri/SkyhighFluffycloudField4k.hdr using Guid(18a0be10f0f64ac4c9f679d68e2cf857) Importer(2089858483,0ecaa5967403d082aa24f35e1b516d23)  -> (artifact id: '6c373dbbc0f0da313f305fd8722663c4') in 0.031403 seconds
Number of updated asset objects reloaded before import = 0
Number of asset objects unloaded after import = 1
========================================================================
Received Import Request.
  Time since last request: 0.000013 seconds.
  path: Assets/Plugins/RealtimeCSG/Editor/Resources/Icons/icon_pers_remove_behind.png
  artifactKey: Guid(656d60335b6b02840b376b535bb4e50e) Importer(2089858483,0ecaa5967403d082aa24f35e1b516d23)
Start importing Assets/Plugins/RealtimeCSG/Editor/Resources/Icons/icon_pers_remove_behind.png using Guid(656d60335b6b02840b376b535bb4e50e) Importer(2089858483,0ecaa5967403d082aa24f35e1b516d23)  -> (artifact id: '49884aa3ec49f7398a9929bdad5a71af') in 0.010306 seconds
Number of updated asset objects reloaded before import = 0
Number of asset objects unloaded after import = 1
========================================================================
Received Import Request.
  Time since last request: 0.000046 seconds.
  path: Assets/Plugins/RealtimeCSG/Editor/Resources/Icons/icon_pers_gridsnap.png
  artifactKey: Guid(9855365f7b06e9449af05456d69acc60) Importer(2089858483,0ecaa5967403d082aa24f35e1b516d23)
Start importing Assets/Plugins/RealtimeCSG/Editor/Resources/Icons/icon_pers_gridsnap.png using Guid(9855365f7b06e9449af05456d69acc60) Importer(2089858483,0ecaa5967403d082aa24f35e1b516d23)  -> (artifact id: 'dfa980aef0bdeadbcd481d1e10b5c715') in 0.011194 seconds
Number of updated asset objects reloaded before import = 0
Number of asset objects unloaded after import = 1
========================================================================
Received Import Request.
  Time since last request: 0.000012 seconds.
  path: Assets/Plugins/RealtimeCSG/Runtime/Materials/Floor.mat
  artifactKey: Guid(d8e10aad982fd9d439566c147abd457c) Importer(2089858483,0ecaa5967403d082aa24f35e1b516d23)
Start importing Assets/Plugins/RealtimeCSG/Runtime/Materials/Floor.mat using Guid(d8e10aad982fd9d439566c147abd457c) Importer(2089858483,0ecaa5967403d082aa24f35e1b516d23)  -> (artifact id: '00e2e417c24a022c35a754116b30909c') in 0.017725 seconds
Number of updated asset objects reloaded before import = 0
Number of asset objects unloaded after import = 2
========================================================================
Received Import Request.
  Time since last request: 0.000012 seconds.
  path: Assets/Plugins/RealtimeCSG/Runtime/Textures/Window.png
  artifactKey: Guid(cbec57328563bc34580a5fdffdfd19ac) Importer(2089858483,0ecaa5967403d082aa24f35e1b516d23)
Start importing Assets/Plugins/RealtimeCSG/Runtime/Textures/Window.png using Guid(cbec57328563bc34580a5fdffdfd19ac) Importer(2089858483,0ecaa5967403d082aa24f35e1b516d23)  -> (artifact id: 'aec2ab0ad4d34199e4781875e487c1cb') in 0.011555 seconds
Number of updated asset objects reloaded before import = 0
Number of asset objects unloaded after import = 1
========================================================================
Received Import Request.
  Time since last request: 0.000015 seconds.
  path: Assets/Plugins/RealtimeCSG/Editor/Resources/Icons/icon_pro_csg_subtraction_small.png
  artifactKey: Guid(be20105e756df664db20decfbf2de1b5) Importer(2089858483,0ecaa5967403d082aa24f35e1b516d23)
Start importing Assets/Plugins/RealtimeCSG/Editor/Resources/Icons/icon_pro_csg_subtraction_small.png using Guid(be20105e756df664db20decfbf2de1b5) Importer(2089858483,0ecaa5967403d082aa24f35e1b516d23)  -> (artifact id: '7594e7929307f56bc322a4d5eadf9d07') in 0.011192 seconds
Number of updated asset objects reloaded before import = 0
Number of asset objects unloaded after import = 1
========================================================================
Received Import Request.
  Time since last request: 0.000012 seconds.
  path: Assets/Plugins/RealtimeCSG/Editor/Resources/Icons/icon_pro_snapping.png
  artifactKey: Guid(1252603026a4ade49bafc5f84ccbf828) Importer(2089858483,0ecaa5967403d082aa24f35e1b516d23)
Start importing Assets/Plugins/RealtimeCSG/Editor/Resources/Icons/icon_pro_snapping.png using Guid(1252603026a4ade49bafc5f84ccbf828) Importer(2089858483,0ecaa5967403d082aa24f35e1b516d23)  -> (artifact id: 'ede4bbb561ec3558b1694a6b48c8d7b1') in 0.011472 seconds
Number of updated asset objects reloaded before import = 0
Number of asset objects unloaded after import = 1
========================================================================
Received Import Request.
  Time since last request: 0.028326 seconds.
  path: Assets/Plugins/RealtimeCSG/Editor/Resources/Shaders/background.shader
  artifactKey: Guid(3c7f33f959fbfcc439c19dfa4334d2b8) Importer(2089858483,0ecaa5967403d082aa24f35e1b516d23)
Start importing Assets/Plugins/RealtimeCSG/Editor/Resources/Shaders/background.shader using Guid(3c7f33f959fbfcc439c19dfa4334d2b8) Importer(2089858483,0ecaa5967403d082aa24f35e1b516d23)  -> (artifact id: '36b6c7c234e59bab1eb2d280c9d61300') in 0.009103 seconds
Number of updated asset objects reloaded before import = 0
Number of asset objects unloaded after import = 1
========================================================================
Received Import Request.
  Time since last request: 0.000014 seconds.
  path: Assets/Plugins/RealtimeCSG/Editor/Scripts/Data/TypeConstants.cs
  artifactKey: Guid(c5fc3e6ee64eef34783e40fdf5b71fbd) Importer(2089858483,0ecaa5967403d082aa24f35e1b516d23)
Start importing Assets/Plugins/RealtimeCSG/Editor/Scripts/Data/TypeConstants.cs using Guid(c5fc3e6ee64eef34783e40fdf5b71fbd) Importer(2089858483,0ecaa5967403d082aa24f35e1b516d23)  -> (artifact id: '7321591961f597004e6b2fbc89f7ddc4') in 0.007261 seconds
Number of updated asset objects reloaded before import = 0
Number of asset objects unloaded after import = 1
========================================================================
Received Import Request.
  Time since last request: 0.000034 seconds.
  path: Assets/Plugins/RealtimeCSG/API/Components/Runtime/Utility/HierarchyItem.cs
  artifactKey: Guid(13abc2905a354e645aab74328d21ff85) Importer(2089858483,0ecaa5967403d082aa24f35e1b516d23)
Start importing Assets/Plugins/RealtimeCSG/API/Components/Runtime/Utility/HierarchyItem.cs using Guid(13abc2905a354e645aab74328d21ff85) Importer(2089858483,0ecaa5967403d082aa24f35e1b516d23)  -> (artifact id: '46eb157d068dee02e1dad75711d74b4b') in 0.007274 seconds
Number of updated asset objects reloaded before import = 0
Number of asset objects unloaded after import = 1
========================================================================
Received Import Request.
  Time since last request: 0.000015 seconds.
  path: Assets/Plugins/RealtimeCSG/Editor/Resources/Shaders/noZTestGenericLine.shader
  artifactKey: Guid(de7478bc94ebd894299499ba4bedb945) Importer(2089858483,0ecaa5967403d082aa24f35e1b516d23)
Start importing Assets/Plugins/RealtimeCSG/Editor/Resources/Shaders/noZTestGenericLine.shader using Guid(de7478bc94ebd894299499ba4bedb945) Importer(2089858483,0ecaa5967403d082aa24f35e1b516d23)  -> (artifact id: 'a79ea92b8c2cb2195d190273096ed006') in 0.005957 seconds
Number of updated asset objects reloaded before import = 0
Number of asset objects unloaded after import = 1
========================================================================
Received Import Request.
  Time since last request: 0.000017 seconds.
  path: Assets/Plugins/RealtimeCSG/Editor/Thirdparty/UnityFBXExporter/FBXMeshToString.cs
  artifactKey: Guid(8a8423e81d64273469140744c5673818) Importer(2089858483,0ecaa5967403d082aa24f35e1b516d23)
Start importing Assets/Plugins/RealtimeCSG/Editor/Thirdparty/UnityFBXExporter/FBXMeshToString.cs using Guid(8a8423e81d64273469140744c5673818) Importer(2089858483,0ecaa5967403d082aa24f35e1b516d23)  -> (artifact id: 'c9fc896f1ede7209b11619b29173f46d') in 0.006215 seconds
Number of updated asset objects reloaded before import = 0
Number of asset objects unloaded after import = 1
========================================================================
Received Import Request.
  Time since last request: 0.000014 seconds.
  path: Assets/Plugins/RealtimeCSG/Editor/Scripts/Control/Managers/InternalCSGModelManager.Registration.cs
  artifactKey: Guid(fe351f9c70583f942b383c5f1fef25d9) Importer(2089858483,0ecaa5967403d082aa24f35e1b516d23)
Start importing Assets/Plugins/RealtimeCSG/Editor/Scripts/Control/Managers/InternalCSGModelManager.Registration.cs using Guid(fe351f9c70583f942b383c5f1fef25d9) Importer(2089858483,0ecaa5967403d082aa24f35e1b516d23)  -> (artifact id: '79a5f130730459c51db6c90b30f959fb') in 0.006287 seconds
Number of updated asset objects reloaded before import = 0
Number of asset objects unloaded after import = 1
========================================================================
Received Import Request.
  Time since last request: 0.000013 seconds.
  path: Assets/Plugins/RealtimeCSG/Editor/Resources/Shaders/customThickWire.shader
  artifactKey: Guid(9ce017c4cb8ba444c915da34aacb091f) Importer(2089858483,0ecaa5967403d082aa24f35e1b516d23)
Start importing Assets/Plugins/RealtimeCSG/Editor/Resources/Shaders/customThickWire.shader using Guid(9ce017c4cb8ba444c915da34aacb091f) Importer(2089858483,0ecaa5967403d082aa24f35e1b516d23)  -> (artifact id: '597a27f27753e4885e22c344019fc4c1') in 0.006863 seconds
Number of updated asset objects reloaded before import = 0
Number of asset objects unloaded after import = 1
========================================================================
Received Import Request.
  Time since last request: 0.000014 seconds.
  path: Assets/Plugins/RealtimeCSG/Editor/Scripts/Control/Helpers/MaterialUtility.cs
  artifactKey: Guid(482d735f5323c914099f22b9c59d0c82) Importer(2089858483,0ecaa5967403d082aa24f35e1b516d23)
Start importing Assets/Plugins/RealtimeCSG/Editor/Scripts/Control/Helpers/MaterialUtility.cs using Guid(482d735f5323c914099f22b9c59d0c82) Importer(2089858483,0ecaa5967403d082aa24f35e1b516d23)  -> (artifact id: '288b1326d5fe1aee0af7e9c4a54798eb') in 0.006695 seconds
Number of updated asset objects reloaded before import = 0
Number of asset objects unloaded after import = 1
========================================================================
Received Import Request.
  Time since last request: 0.000030 seconds.
  path: Assets/Plugins/RealtimeCSG/Editor/Thirdparty/UnityFBXExporter/FBXUnityMaterialGetter.cs
  artifactKey: Guid(0733d86741664524baa275202d0b6192) Importer(2089858483,0ecaa5967403d082aa24f35e1b516d23)
Start importing Assets/Plugins/RealtimeCSG/Editor/Thirdparty/UnityFBXExporter/FBXUnityMaterialGetter.cs using Guid(0733d86741664524baa275202d0b6192) Importer(2089858483,0ecaa5967403d082aa24f35e1b516d23)  -> (artifact id: '153c3a84746ff4a6847289a46d8c67cb') in 0.006644 seconds
Number of updated asset objects reloaded before import = 0
Number of asset objects unloaded after import = 1
========================================================================
Received Import Request.
  Time since last request: 0.000011 seconds.
  path: Assets/Plugins/RealtimeCSG/Editor/Resources/Textures/trigger.png
  artifactKey: Guid(7eac11653d9c4a84e939f236d6ead2db) Importer(2089858483,0ecaa5967403d082aa24f35e1b516d23)
Start importing Assets/Plugins/RealtimeCSG/Editor/Resources/Textures/trigger.png using Guid(7eac11653d9c4a84e939f236d6ead2db) Importer(2089858483,0ecaa5967403d082aa24f35e1b516d23)  -> (artifact id: '88f83e55ebeb8915bfa6c5f5b2f3835b') in 0.012501 seconds
Number of updated asset objects reloaded before import = 0
Number of asset objects unloaded after import = 1
========================================================================
Received Import Request.
  Time since last request: 0.000014 seconds.
  path: Assets/Plugins/RealtimeCSG/Editor/Scripts/Data/SceneQuery/AABB.cs
  artifactKey: Guid(c84f9804f257f344ea8d3bf8b07983ac) Importer(2089858483,0ecaa5967403d082aa24f35e1b516d23)
Start importing Assets/Plugins/RealtimeCSG/Editor/Scripts/Data/SceneQuery/AABB.cs using Guid(c84f9804f257f344ea8d3bf8b07983ac) Importer(2089858483,0ecaa5967403d082aa24f35e1b516d23)  -> (artifact id: '1808011650bccbc9c052abbbf31747ca') in 0.005930 seconds
Number of updated asset objects reloaded before import = 0
Number of asset objects unloaded after import = 1
========================================================================
Received Import Request.
  Time since last request: 0.000013 seconds.
  path: Assets/Plugins/RealtimeCSG/Editor/Scripts/View/Units.cs
  artifactKey: Guid(10a7bf66a1216b4488e1f999c3edfe8f) Importer(2089858483,0ecaa5967403d082aa24f35e1b516d23)
Start importing Assets/Plugins/RealtimeCSG/Editor/Scripts/View/Units.cs using Guid(10a7bf66a1216b4488e1f999c3edfe8f) Importer(2089858483,0ecaa5967403d082aa24f35e1b516d23)  -> (artifact id: '281c1de9f72d0cb05d13540e5f81c23f') in 0.007620 seconds
Number of updated asset objects reloaded before import = 0
Number of asset objects unloaded after import = 1
========================================================================
Received Import Request.
  Time since last request: 0.000013 seconds.
  path: Assets/Plugins/RealtimeCSG/Editor/Scripts/Control/Managers/MeshInstanceManager.Build.cs
  artifactKey: Guid(010a0ad23fd8b16428a521adf04b58c9) Importer(2089858483,0ecaa5967403d082aa24f35e1b516d23)
Start importing Assets/Plugins/RealtimeCSG/Editor/Scripts/Control/Managers/MeshInstanceManager.Build.cs using Guid(010a0ad23fd8b16428a521adf04b58c9) Importer(2089858483,0ecaa5967403d082aa24f35e1b516d23)  -> (artifact id: '5ba30ec7a1a2680ea412ec41575a388c') in 0.007125 seconds
Number of updated asset objects reloaded before import = 0
Number of asset objects unloaded after import = 1
========================================================================
Received Import Request.
  Time since last request: 0.000017 seconds.
  path: Assets/Plugins/RealtimeCSG/Editor/Scripts/Control/Helpers/ModelTraits.cs
  artifactKey: Guid(902f94f156b889d44bf166c004ac3db9) Importer(2089858483,0ecaa5967403d082aa24f35e1b516d23)
Start importing Assets/Plugins/RealtimeCSG/Editor/Scripts/Control/Helpers/ModelTraits.cs using Guid(902f94f156b889d44bf166c004ac3db9) Importer(2089858483,0ecaa5967403d082aa24f35e1b516d23)  -> (artifact id: '805fc91e0bdc56a4b622a9fc50ec2b30') in 0.005569 seconds
Number of updated asset objects reloaded before import = 0
Number of asset objects unloaded after import = 1
========================================================================
Received Import Request.
  Time since last request: 0.000019 seconds.
  path: Assets/Plugins/RealtimeCSG/Editor/Resources/Textures/shadowOnly.png
  artifactKey: Guid(0339c425395e306469671ade8e5b9296) Importer(2089858483,0ecaa5967403d082aa24f35e1b516d23)
Start importing Assets/Plugins/RealtimeCSG/Editor/Resources/Textures/shadowOnly.png using Guid(0339c425395e306469671ade8e5b9296) Importer(2089858483,0ecaa5967403d082aa24f35e1b516d23)  -> (artifact id: 'f47e984680641e932669b621e03547a1') in 0.011113 seconds
Number of updated asset objects reloaded before import = 0
Number of asset objects unloaded after import = 1
========================================================================
Received Import Request.
  Time since last request: 0.000027 seconds.
  path: Assets/Plugins/RealtimeCSG/API/Components/Runtime/Utility/ChildNodeData.cs
  artifactKey: Guid(82f3e9c5f62ae0943ac52ec331ca32b0) Importer(2089858483,0ecaa5967403d082aa24f35e1b516d23)
Start importing Assets/Plugins/RealtimeCSG/API/Components/Runtime/Utility/ChildNodeData.cs using Guid(82f3e9c5f62ae0943ac52ec331ca32b0) Importer(2089858483,0ecaa5967403d082aa24f35e1b516d23)  -> (artifact id: '25dba3ac609e5a1c658668966cfb7a5f') in 0.007703 seconds
Number of updated asset objects reloaded before import = 0
Number of asset objects unloaded after import = 1
========================================================================
Received Import Request.
  Time since last request: 0.375602 seconds.
  path: Assets/Plugins/RealtimeCSG/Editor/Scripts/Data/Selection/ControlMeshState.cs
  artifactKey: Guid(67fbd958e84ea3a4eaa36c99b1c213b4) Importer(2089858483,0ecaa5967403d082aa24f35e1b516d23)
Start importing Assets/Plugins/RealtimeCSG/Editor/Scripts/Data/Selection/ControlMeshState.cs using Guid(67fbd958e84ea3a4eaa36c99b1c213b4) Importer(2089858483,0ecaa5967403d082aa24f35e1b516d23)  -> (artifact id: '482e6128fc0b6eac3700f1cf46b7765c') in 0.007093 seconds
Number of updated asset objects reloaded before import = 0
Number of asset objects unloaded after import = 1
========================================================================
Received Import Request.
  Time since last request: 0.000011 seconds.
  path: Assets/Plugins/RealtimeCSG/Editor/Scripts/View/GUI/EditModeGUI/EditModes/Generators/Generator.FreeDraw.GUI.cs
  artifactKey: Guid(a3e066102f81b79488d49ab5395dab0e) Importer(2089858483,0ecaa5967403d082aa24f35e1b516d23)
Start importing Assets/Plugins/RealtimeCSG/Editor/Scripts/View/GUI/EditModeGUI/EditModes/Generators/Generator.FreeDraw.GUI.cs using Guid(a3e066102f81b79488d49ab5395dab0e) Importer(2089858483,0ecaa5967403d082aa24f35e1b516d23)  -> (artifact id: '9f7858bc639f98a9cd3908b9771a82b1') in 0.006778 seconds
Number of updated asset objects reloaded before import = 0
Number of asset objects unloaded after import = 1
========================================================================
Received Import Request.
  Time since last request: 0.000012 seconds.
  path: Assets/Plugins/RealtimeCSG/Editor/Scripts/View/GUI/Utility/CSG_HandleUtility.cs
  artifactKey: Guid(5fad54e91c346f644bdde13df6b77c1d) Importer(2089858483,0ecaa5967403d082aa24f35e1b516d23)
Start importing Assets/Plugins/RealtimeCSG/Editor/Scripts/View/GUI/Utility/CSG_HandleUtility.cs using Guid(5fad54e91c346f644bdde13df6b77c1d) Importer(2089858483,0ecaa5967403d082aa24f35e1b516d23)  -> (artifact id: 'ae8f87f101b71d0b7fe2b7661fbda114') in 0.006646 seconds
Number of updated asset objects reloaded before import = 0
Number of asset objects unloaded after import = 1
========================================================================
Received Import Request.
  Time since last request: 0.000013 seconds.
  path: Assets/Plugins/RealtimeCSG/Editor/Scripts/View/GUI/EditModeGUI/EditModes/Generators/Generator.LinearStairs.Settings.cs
  artifactKey: Guid(4f8ad7f8b729c604498d79cf9b52225d) Importer(2089858483,0ecaa5967403d082aa24f35e1b516d23)
Start importing Assets/Plugins/RealtimeCSG/Editor/Scripts/View/GUI/EditModeGUI/EditModes/Generators/Generator.LinearStairs.Settings.cs using Guid(4f8ad7f8b729c604498d79cf9b52225d) Importer(2089858483,0ecaa5967403d082aa24f35e1b516d23)  -> (artifact id: 'd5a3e01850a5a10c8dba887a6c41dd48') in 0.006350 seconds
Number of updated asset objects reloaded before import = 0
Number of asset objects unloaded after import = 1
========================================================================
Received Import Request.
  Time since last request: 0.000012 seconds.
  path: Assets/Plugins/RealtimeCSG/Editor/Scripts/View/Scene/Handles/CSGFreeMove.cs
  artifactKey: Guid(72c01b0a97c602e4ea70b4e7433ef4b8) Importer(2089858483,0ecaa5967403d082aa24f35e1b516d23)
Start importing Assets/Plugins/RealtimeCSG/Editor/Scripts/View/Scene/Handles/CSGFreeMove.cs using Guid(72c01b0a97c602e4ea70b4e7433ef4b8) Importer(2089858483,0ecaa5967403d082aa24f35e1b516d23)  -> (artifact id: '6849e9db1dc62536b935510970456a6e') in 0.006522 seconds
Number of updated asset objects reloaded before import = 0
Number of asset objects unloaded after import = 1
========================================================================
Received Import Request.
  Time since last request: 0.000011 seconds.
  path: Assets/Plugins/RealtimeCSG/Editor/Scripts/View/DragAndDrop/SceneDragTool.BrushDragOnSurface.cs
  artifactKey: Guid(f6d63ddd5e9138644a357f74788aed69) Importer(2089858483,0ecaa5967403d082aa24f35e1b516d23)
Start importing Assets/Plugins/RealtimeCSG/Editor/Scripts/View/DragAndDrop/SceneDragTool.BrushDragOnSurface.cs using Guid(f6d63ddd5e9138644a357f74788aed69) Importer(2089858483,0ecaa5967403d082aa24f35e1b516d23)  -> (artifact id: 'a2e77651214e773cea08dae56a341a33') in 0.007202 seconds
Number of updated asset objects reloaded before import = 0
Number of asset objects unloaded after import = 1
========================================================================
Received Import Request.
  Time since last request: 0.000013 seconds.
  path: Assets/Plugins/RealtimeCSG/Editor/Scripts/Data/Settings/KeyEvent.cs
  artifactKey: Guid(a6a4617815bf84e4f8162422d80dbcd6) Importer(2089858483,0ecaa5967403d082aa24f35e1b516d23)
Start importing Assets/Plugins/RealtimeCSG/Editor/Scripts/Data/Settings/KeyEvent.cs using Guid(a6a4617815bf84e4f8162422d80dbcd6) Importer(2089858483,0ecaa5967403d082aa24f35e1b516d23)  -> (artifact id: 'ba7a678d4114390bb1c6ad4c224bdd62') in 0.006841 seconds
Number of updated asset objects reloaded before import = 0
Number of asset objects unloaded after import = 1
========================================================================
Received Import Request.
  Time since last request: 0.000011 seconds.
  path: Assets/Plugins/RealtimeCSG/Editor/Scripts/View/GUI/EditModeGUI/EditModes/EditMode.Clip.GUIContents.cs
  artifactKey: Guid(8cad75609eb86bc489dea3b42133f9c1) Importer(2089858483,0ecaa5967403d082aa24f35e1b516d23)
Start importing Assets/Plugins/RealtimeCSG/Editor/Scripts/View/GUI/EditModeGUI/EditModes/EditMode.Clip.GUIContents.cs using Guid(8cad75609eb86bc489dea3b42133f9c1) Importer(2089858483,0ecaa5967403d082aa24f35e1b516d23)  -> (artifact id: 'f9c1c3e7c05755064e6eafbc3ea7afbd') in 0.006784 seconds
Number of updated asset objects reloaded before import = 0
Number of asset objects unloaded after import = 1
========================================================================
Received Import Request.
  Time since last request: 0.000012 seconds.
  path: Assets/Plugins/RealtimeCSG/Editor/Scripts/View/Scene/Handles/CSGSlider1D.cs
  artifactKey: Guid(8a804233aca20e8408b90e46825e1a8e) Importer(2089858483,0ecaa5967403d082aa24f35e1b516d23)
Start importing Assets/Plugins/RealtimeCSG/Editor/Scripts/View/Scene/Handles/CSGSlider1D.cs using Guid(8a804233aca20e8408b90e46825e1a8e) Importer(2089858483,0ecaa5967403d082aa24f35e1b516d23)  -> (artifact id: 'd11ce7ce95a95ae3b89cabcd8fe2b419') in 0.007184 seconds
Number of updated asset objects reloaded before import = 0
Number of asset objects unloaded after import = 1
========================================================================
Received Import Request.
  Time since last request: 0.000011 seconds.
  path: Assets/Plugins/RealtimeCSG/Editor/Scripts/View/GUI/Utility/CameraUtility.cs
  artifactKey: Guid(bc51794440f6587409945214540c8152) Importer(2089858483,0ecaa5967403d082aa24f35e1b516d23)
Start importing Assets/Plugins/RealtimeCSG/Editor/Scripts/View/GUI/Utility/CameraUtility.cs using Guid(bc51794440f6587409945214540c8152) Importer(2089858483,0ecaa5967403d082aa24f35e1b516d23)  -> (artifact id: '9c61655a7e9fa503f1c03fa4c3764c8c') in 0.006969 seconds
Number of updated asset objects reloaded before import = 0
Number of asset objects unloaded after import = 1
========================================================================
Received Import Request.
  Time since last request: 0.000012 seconds.
  path: Assets/Plugins/RealtimeCSG/Editor/Scripts/Data/Settings/CSGSettings.cs
  artifactKey: Guid(a1aa65adcebd53241a3cdd263ab7dd5e) Importer(2089858483,0ecaa5967403d082aa24f35e1b516d23)
Start importing Assets/Plugins/RealtimeCSG/Editor/Scripts/Data/Settings/CSGSettings.cs using Guid(a1aa65adcebd53241a3cdd263ab7dd5e) Importer(2089858483,0ecaa5967403d082aa24f35e1b516d23)  -> (artifact id: '22154af5caa0668f1b4e08e7fa835883') in 0.006582 seconds
Number of updated asset objects reloaded before import = 0
Number of asset objects unloaded after import = 1
========================================================================
Received Import Request.
  Time since last request: 0.000065 seconds.
  path: Assets/Plugins/RealtimeCSG/Editor/Scripts/View/GUI/Utility/Tooltip.cs
  artifactKey: Guid(f279c9a0805017842a0589614eb25ede) Importer(2089858483,0ecaa5967403d082aa24f35e1b516d23)
Start importing Assets/Plugins/RealtimeCSG/Editor/Scripts/View/GUI/Utility/Tooltip.cs using Guid(f279c9a0805017842a0589614eb25ede) Importer(2089858483,0ecaa5967403d082aa24f35e1b516d23)  -> (artifact id: '095d5a75d2875d424a8b38933a836349') in 0.007095 seconds
Number of updated asset objects reloaded before import = 0
Number of asset objects unloaded after import = 1
========================================================================
Received Import Request.
  Time since last request: 0.000012 seconds.
  path: Assets/Plugins/RealtimeCSG/Editor/Scripts/View/GUI/EditModeGUI/EditModes/Generators/Generator.Sphere.GUI.cs
  artifactKey: Guid(674c57b2f8493524ebb5854795caebff) Importer(2089858483,0ecaa5967403d082aa24f35e1b516d23)
Start importing Assets/Plugins/RealtimeCSG/Editor/Scripts/View/GUI/EditModeGUI/EditModes/Generators/Generator.Sphere.GUI.cs using Guid(674c57b2f8493524ebb5854795caebff) Importer(2089858483,0ecaa5967403d082aa24f35e1b516d23)  -> (artifact id: 'd688f99fe28a89247c08bb57cdb1a032') in 0.021791 seconds
Number of updated asset objects reloaded before import = 0
Number of asset objects unloaded after import = 1
========================================================================
Received Import Request.
  Time since last request: 0.000012 seconds.
  path: Assets/Plugins/RealtimeCSG/Editor/Scripts/View/GUI/ComponentEditorWindows/GeneratedMeshesComponent.Editor.cs
  artifactKey: Guid(da18e5703cdb36e42a745607debb7c77) Importer(2089858483,0ecaa5967403d082aa24f35e1b516d23)
Start importing Assets/Plugins/RealtimeCSG/Editor/Scripts/View/GUI/ComponentEditorWindows/GeneratedMeshesComponent.Editor.cs using Guid(da18e5703cdb36e42a745607debb7c77) Importer(2089858483,0ecaa5967403d082aa24f35e1b516d23)  -> (artifact id: '18100617484ef27e90270f917bc36293') in 0.006282 seconds
Number of updated asset objects reloaded before import = 0
Number of asset objects unloaded after import = 1
========================================================================
Received Import Request.
  Time since last request: 0.000033 seconds.
  path: Assets/Plugins/RealtimeCSG/Editor/Scripts/View/DragAndDrop/SceneDragTool.Materials.cs
  artifactKey: Guid(324c354fb792d0046b12f40082f3b50b) Importer(2089858483,0ecaa5967403d082aa24f35e1b516d23)
Start importing Assets/Plugins/RealtimeCSG/Editor/Scripts/View/DragAndDrop/SceneDragTool.Materials.cs using Guid(324c354fb792d0046b12f40082f3b50b) Importer(2089858483,0ecaa5967403d082aa24f35e1b516d23)  -> (artifact id: '3f4e692f458e12d019f0a88ffad530b6') in 0.007620 seconds
Number of updated asset objects reloaded before import = 0
Number of asset objects unloaded after import = 1
========================================================================
Received Import Request.
  Time since last request: 0.000029 seconds.
  path: Assets/Plugins/RealtimeCSG/Editor/Scripts/View/GUI/EditModeGUI/EditModeToolWindow.Editor.cs
  artifactKey: Guid(4308d6fe064b33d4594df71330be676b) Importer(2089858483,0ecaa5967403d082aa24f35e1b516d23)
Start importing Assets/Plugins/RealtimeCSG/Editor/Scripts/View/GUI/EditModeGUI/EditModeToolWindow.Editor.cs using Guid(4308d6fe064b33d4594df71330be676b) Importer(2089858483,0ecaa5967403d082aa24f35e1b516d23)  -> (artifact id: 'afa5db6bb4438e32674ca3b18b834d73') in 0.006845 seconds
Number of updated asset objects reloaded before import = 0
Number of asset objects unloaded after import = 1
========================================================================
Received Import Request.
  Time since last request: 0.000046 seconds.
  path: Assets/Plugins/RealtimeCSG/Editor/Scripts/View/Scene/Rendering/LineMeshRenderer.cs
  artifactKey: Guid(f78016bb7ab814b49b1cfae8ba15ffad) Importer(2089858483,0ecaa5967403d082aa24f35e1b516d23)
Start importing Assets/Plugins/RealtimeCSG/Editor/Scripts/View/Scene/Rendering/LineMeshRenderer.cs using Guid(f78016bb7ab814b49b1cfae8ba15ffad) Importer(2089858483,0ecaa5967403d082aa24f35e1b516d23)  -> (artifact id: 'b8be7b797f6df9d06ea0deaefaa690dc') in 0.007561 seconds
Number of updated asset objects reloaded before import = 0
Number of asset objects unloaded after import = 1
========================================================================
Received Import Request.
  Time since last request: 0.000011 seconds.
  path: Assets/Plugins/RealtimeCSG/Editor/Scripts/View/GUI/Utility/TooltipContentState.cs
  artifactKey: Guid(3d4689b7323fbff49b37cb3dd64fcea0) Importer(2089858483,0ecaa5967403d082aa24f35e1b516d23)
Start importing Assets/Plugins/RealtimeCSG/Editor/Scripts/View/GUI/Utility/TooltipContentState.cs using Guid(3d4689b7323fbff49b37cb3dd64fcea0) Importer(2089858483,0ecaa5967403d082aa24f35e1b516d23)  -> (artifact id: '47a61e24ccfeae4694f10ef5a8ffd0bf') in 0.006626 seconds
Number of updated asset objects reloaded before import = 0
Number of asset objects unloaded after import = 1
========================================================================
Received Import Request.
  Time since last request: 0.000013 seconds.
  path: Assets/Plugins/RealtimeCSG/Editor/Scripts/View/GUI/EditModeGUI/EditModes/EditMode.Edit.cs
  artifactKey: Guid(d7611ed9c9c134341b9bc464af01c861) Importer(2089858483,0ecaa5967403d082aa24f35e1b516d23)
Start importing Assets/Plugins/RealtimeCSG/Editor/Scripts/View/GUI/EditModeGUI/EditModes/EditMode.Edit.cs using Guid(d7611ed9c9c134341b9bc464af01c861) Importer(2089858483,0ecaa5967403d082aa24f35e1b516d23)  -> (artifact id: '5e21f1316679a90b355b7b82dc1bd4b2') in 0.007247 seconds
Number of updated asset objects reloaded before import = 0
Number of asset objects unloaded after import = 1
========================================================================
Received Import Request.
  Time since last request: 31.529262 seconds.
  path: Assets/Samples/XR Interaction Toolkit/2.5.4/XR Device Simulator/Scripts/XRDeviceSimulatorUI.cs
  artifactKey: Guid(e8b922481d9264546b97958b2c7cf0a0) Importer(2089858483,0ecaa5967403d082aa24f35e1b516d23)
Start importing Assets/Samples/XR Interaction Toolkit/2.5.4/XR Device Simulator/Scripts/XRDeviceSimulatorUI.cs using Guid(e8b922481d9264546b97958b2c7cf0a0) Importer(2089858483,0ecaa5967403d082aa24f35e1b516d23)  -> (artifact id: 'f913b3bd6f40adcf966743223b1bb0a0') in 0.007953 seconds
Number of updated asset objects reloaded before import = 0
Number of asset objects unloaded after import = 1
========================================================================
Received Import Request.
  Time since last request: 0.000034 seconds.
  path: Assets/Samples/XR Interaction Toolkit/2.5.4/XR Device Simulator/UI/General
  artifactKey: Guid(7029f8d454f034b71b5b1eb1ba1b324d) Importer(2089858483,0ecaa5967403d082aa24f35e1b516d23)
Start importing Assets/Samples/XR Interaction Toolkit/2.5.4/XR Device Simulator/UI/General using Guid(7029f8d454f034b71b5b1eb1ba1b324d) Importer(2089858483,0ecaa5967403d082aa24f35e1b516d23)  -> (artifact id: '64a8c275da5675a07059f9433098e457') in 0.006577 seconds
Number of updated asset objects reloaded before import = 0
Number of asset objects unloaded after import = 1
========================================================================
Received Import Request.
  Time since last request: 0.000020 seconds.
  path: Assets/Samples/XR Interaction Toolkit/2.5.4/XR Device Simulator/UI
  artifactKey: Guid(1713155dc4dd14e65b554e9690db4a5b) Importer(2089858483,0ecaa5967403d082aa24f35e1b516d23)
Start importing Assets/Samples/XR Interaction Toolkit/2.5.4/XR Device Simulator/UI using Guid(1713155dc4dd14e65b554e9690db4a5b) Importer(2089858483,0ecaa5967403d082aa24f35e1b516d23)  -> (artifact id: 'a39bffa868b05ef6f190a6b972ff9652') in 0.004971 seconds
Number of updated asset objects reloaded before import = 0
Number of asset objects unloaded after import = 1
========================================================================
Received Import Request.
  Time since last request: 0.000062 seconds.
  path: Assets/Samples/XR Interaction Toolkit/2.5.4/XR Device Simulator/UI/General/KeyboardIcon.png
  artifactKey: Guid(76dc0abb2ebb44c9a9bd39266f0b3c91) Importer(2089858483,0ecaa5967403d082aa24f35e1b516d23)
Start importing Assets/Samples/XR Interaction Toolkit/2.5.4/XR Device Simulator/UI/General/KeyboardIcon.png using Guid(76dc0abb2ebb44c9a9bd39266f0b3c91) Importer(2089858483,0ecaa5967403d082aa24f35e1b516d23)  -> (artifact id: 'e5dcc96c87e089833ba162bb70153989') in 0.013866 seconds
Number of updated asset objects reloaded before import = 0
Number of asset objects unloaded after import = 3
========================================================================
Received Import Request.
  Time since last request: 0.000015 seconds.
  path: Assets/Samples/XR Interaction Toolkit/2.5.4/XR Device Simulator/Hand Expression Captures/Pinch Expression Capture.asset
  artifactKey: Guid(d6e15a52475c2564ca7d2977fdece24a) Importer(2089858483,0ecaa5967403d082aa24f35e1b516d23)
Start importing Assets/Samples/XR Interaction Toolkit/2.5.4/XR Device Simulator/Hand Expression Captures/Pinch Expression Capture.asset using Guid(d6e15a52475c2564ca7d2977fdece24a) Importer(2089858483,0ecaa5967403d082aa24f35e1b516d23)  -> (artifact id: 'c9cfbf56f01656b56087b6b56e8a953a') in 0.013386 seconds
Number of updated asset objects reloaded before import = 0
Number of asset objects unloaded after import = 2
========================================================================
Received Import Request.
  Time since last request: 0.000013 seconds.
  path: Assets/Samples/XR Interaction Toolkit/2.5.4/XR Device Simulator
  artifactKey: Guid(8154c9223236ebc4fa321d1f4bd7fd61) Importer(2089858483,0ecaa5967403d082aa24f35e1b516d23)
Start importing Assets/Samples/XR Interaction Toolkit/2.5.4/XR Device Simulator using Guid(8154c9223236ebc4fa321d1f4bd7fd61) Importer(2089858483,0ecaa5967403d082aa24f35e1b516d23)  -> (artifact id: 'f2e610c65a1ec083700d0d17be4564be') in 0.005438 seconds
Number of updated asset objects reloaded before import = 0
Number of asset objects unloaded after import = 1
========================================================================
Received Import Request.
  Time since last request: 0.000047 seconds.
  path: Assets/Samples/XR Interaction Toolkit/2.5.4/XR Device Simulator/UI/Mouse/Mouse.png
  artifactKey: Guid(f997d60d79a4e45cab6b1814e377a1b3) Importer(2089858483,0ecaa5967403d082aa24f35e1b516d23)
Start importing Assets/Samples/XR Interaction Toolkit/2.5.4/XR Device Simulator/UI/Mouse/Mouse.png using Guid(f997d60d79a4e45cab6b1814e377a1b3) Importer(2089858483,0ecaa5967403d082aa24f35e1b516d23)  -> (artifact id: 'cf74b33c87a4b0f751a5769c982113a4') in 0.014089 seconds
Number of updated asset objects reloaded before import = 0
Number of asset objects unloaded after import = 3
========================================================================
Received Import Request.
  Time since last request: 0.000014 seconds.
  path: Assets/Samples/XR Interaction Toolkit/2.5.4/XR Device Simulator/UI/General/CloseWindow.png
  artifactKey: Guid(c76518a5819794083a346812c0906b77) Importer(2089858483,0ecaa5967403d082aa24f35e1b516d23)
Start importing Assets/Samples/XR Interaction Toolkit/2.5.4/XR Device Simulator/UI/General/CloseWindow.png using Guid(c76518a5819794083a346812c0906b77) Importer(2089858483,0ecaa5967403d082aa24f35e1b516d23)  -> (artifact id: 'a8fc0c4328cc07a5d3efda2d5b0ff55a') in 0.012038 seconds
Number of updated asset objects reloaded before import = 0
Number of asset objects unloaded after import = 3
========================================================================
Received Import Request.
  Time since last request: 0.000016 seconds.
  path: Assets/Samples/XR Interaction Toolkit/2.5.4/XR Device Simulator/UI/Hands/Hand_Poke.png
  artifactKey: Guid(a2586e6b399337f409118c79273dc29d) Importer(2089858483,0ecaa5967403d082aa24f35e1b516d23)
Start importing Assets/Samples/XR Interaction Toolkit/2.5.4/XR Device Simulator/UI/Hands/Hand_Poke.png using Guid(a2586e6b399337f409118c79273dc29d) Importer(2089858483,0ecaa5967403d082aa24f35e1b516d23)  -> (artifact id: 'ab76eceb035363a4fb68be376d6a3732') in 0.012873 seconds
Number of updated asset objects reloaded before import = 0
Number of asset objects unloaded after import = 3
========================================================================
Received Import Request.
  Time since last request: 0.000015 seconds.
  path: Assets/Samples/XR Interaction Toolkit/2.5.4/XR Device Simulator/UI/Hands/Hand_Default.png
  artifactKey: Guid(7d3dbc333af046c4193982e1166659dd) Importer(2089858483,0ecaa5967403d082aa24f35e1b516d23)
Start importing Assets/Samples/XR Interaction Toolkit/2.5.4/XR Device Simulator/UI/Hands/Hand_Default.png using Guid(7d3dbc333af046c4193982e1166659dd) Importer(2089858483,0ecaa5967403d082aa24f35e1b516d23)  -> (artifact id: 'e5e05030e612a5fa8b1ce78e2a7c8e4c') in 0.012215 seconds
Number of updated asset objects reloaded before import = 0
Number of asset objects unloaded after import = 3
========================================================================
Received Import Request.
  Time since last request: 0.000016 seconds.
  path: Assets/Samples/XR Interaction Toolkit/2.5.4/XR Device Simulator/UI/HeadDevice/xr_hmd.png
  artifactKey: Guid(08548d5ac6b7bc64da0b332636c5cc91) Importer(2089858483,0ecaa5967403d082aa24f35e1b516d23)
Start importing Assets/Samples/XR Interaction Toolkit/2.5.4/XR Device Simulator/UI/HeadDevice/xr_hmd.png using Guid(08548d5ac6b7bc64da0b332636c5cc91) Importer(2089858483,0ecaa5967403d082aa24f35e1b516d23)  -> (artifact id: '2ad71c1c69760aeb0aab459c0fb95566') in 0.011267 seconds
Number of updated asset objects reloaded before import = 0
Number of asset objects unloaded after import = 3
========================================================================
Received Import Request.
  Time since last request: 0.000016 seconds.
  path: Assets/Samples/XR Interaction Toolkit/2.5.4/XR Device Simulator/UI/HeadDevice/MoveRotateTool.png
  artifactKey: Guid(139237a044d8e4255b40bb472c842087) Importer(2089858483,0ecaa5967403d082aa24f35e1b516d23)
Start importing Assets/Samples/XR Interaction Toolkit/2.5.4/XR Device Simulator/UI/HeadDevice/MoveRotateTool.png using Guid(139237a044d8e4255b40bb472c842087) Importer(2089858483,0ecaa5967403d082aa24f35e1b516d23)  -> (artifact id: 'ea8ff119459454a46a1c5741679ac219') in 0.011785 seconds
Number of updated asset objects reloaded before import = 0
Number of asset objects unloaded after import = 3
========================================================================
Received Prepare
Begin MonoManager ReloadAssembly
- Loaded All Assemblies, in  0.258 seconds
Refreshing native plugins compatible for Editor in 1.27 ms, found 4 plugins.
Native extension for WindowsStandalone target not found
Native extension for WebGL target not found
Mono: successfully reloaded assembly
- Finished resetting the current domain, in  0.475 seconds
Domain Reload Profiling: 733ms
	BeginReloadAssembly (90ms)
		ExecutionOrderSort (0ms)
		DisableScriptedObjects (2ms)
		BackupInstance (0ms)
		ReleaseScriptingObjects (0ms)
		CreateAndSetChildDomain (23ms)
	RebuildCommonClasses (17ms)
	RebuildNativeTypeToScriptingClass (6ms)
	initialDomainReloadingComplete (13ms)
	LoadAllAssembliesAndSetupDomain (131ms)
		LoadAssemblies (149ms)
		RebuildTransferFunctionScriptingTraits (0ms)
		AnalyzeDomain (26ms)
			TypeCache.Refresh (9ms)
				TypeCache.ScanAssembly (2ms)
			ScanForSourceGeneratedMonoScriptInfo (11ms)
			ResolveRequiredComponents (4ms)
	FinalizeReload (475ms)
		ReleaseScriptCaches (0ms)
		RebuildScriptCaches (0ms)
		SetupLoadedEditorAssemblies (240ms)
			LogAssemblyErrors (0ms)
			InitializePlatformSupportModulesInManaged (3ms)
			SetLoadedEditorAssemblies (3ms)
			RefreshPlugins (0ms)
			BeforeProcessingInitializeOnLoad (35ms)
			ProcessInitializeOnLoadAttributes (187ms)
			ProcessInitializeOnLoadMethodAttributes (10ms)
			AfterProcessingInitializeOnLoad (1ms)
			EditorAssembliesLoaded (0ms)
		ExecutionOrderSort2 (0ms)
		AwakeInstancesAfterBackupRestoration (3ms)
Refreshing native plugins compatible for Editor in 2.08 ms, found 4 plugins.
Preloading 0 native plugins for Editor in 0.00 ms.
Unloading 4434 Unused Serialized files (Serialized files now loaded: 0)
Unloading 53 unused Assets / (32.9 KB). Loaded Objects now: 4922.
Memory consumption went from 152.0 MB to 152.0 MB.
Total: 3.044200 ms (FindLiveObjects: 0.341800 ms CreateObjectMapping: 0.067600 ms MarkObjects: 2.564400 ms  DeleteObjects: 0.069400 ms)

Prepare: number of updated asset objects reloaded= 0
AssetImportParameters requested are different than current active one (requested -> active):
  custom:container-demuxer-ogg: 62fdf1f143b41e24485cea50d1cbac27 -> 
  custom:video-decoder-ogg-theora: a1e56fd34408186e4bbccfd4996cb3dc -> 
  custom:framework-win-MediaFoundation: 216162199b28c13a410421893ffa2e32 -> 
  custom:CustomObjectIndexerAttribute: 9a22284fe3817be447336de3de66b15e -> 
  custom:container-demuxer-webm: 4f35f7cbe854078d1ac9338744f61a02 -> 
  custom:container-muxer-webm: aa71ff27fc2769a1b78a27578f13a17b -> 
  custom:video-decoder-webm-vp8: 9c59270c3fd7afecdb556c50c9e8de78 -> 
  custom:SearchIndexIgnoredProperties: e643bd26f0fe6173181afceb89e7c659 -> 
  custom:AudioImporter_EditorPlatform: d09bf68614088b80899f8185d706f6e7 -> 
  custom:video-encoder-webm-vp8: eb34c28f22e8b96e1ab97ce403110664 -> 
  custom:audio-decoder-ogg-vorbis: bf7c407c2cedff20999df2af8eb42d56 -> 
  custom:audio-encoder-webm-vorbis: bf7c407c2cedff20999df2af8eb42d56 -> 
========================================================================
Received Prepare
Begin MonoManager ReloadAssembly
- Loaded All Assemblies, in  0.253 seconds
Refreshing native plugins compatible for Editor in 1.37 ms, found 4 plugins.
Native extension for WindowsStandalone target not found
Native extension for WebGL target not found
Mono: successfully reloaded assembly
- Finished resetting the current domain, in  0.480 seconds
Domain Reload Profiling: 732ms
	BeginReloadAssembly (97ms)
		ExecutionOrderSort (0ms)
		DisableScriptedObjects (3ms)
		BackupInstance (0ms)
		ReleaseScriptingObjects (0ms)
		CreateAndSetChildDomain (22ms)
	RebuildCommonClasses (18ms)
	RebuildNativeTypeToScriptingClass (6ms)
	initialDomainReloadingComplete (13ms)
	LoadAllAssembliesAndSetupDomain (118ms)
		LoadAssemblies (157ms)
		RebuildTransferFunctionScriptingTraits (0ms)
		AnalyzeDomain (12ms)
			TypeCache.Refresh (6ms)
				TypeCache.ScanAssembly (0ms)
			ScanForSourceGeneratedMonoScriptInfo (0ms)
			ResolveRequiredComponents (4ms)
	FinalizeReload (480ms)
		ReleaseScriptCaches (0ms)
		RebuildScriptCaches (0ms)
		SetupLoadedEditorAssemblies (240ms)
			LogAssemblyErrors (0ms)
			InitializePlatformSupportModulesInManaged (3ms)
			SetLoadedEditorAssemblies (3ms)
			RefreshPlugins (0ms)
			BeforeProcessingInitializeOnLoad (34ms)
			ProcessInitializeOnLoadAttributes (188ms)
			ProcessInitializeOnLoadMethodAttributes (11ms)
			AfterProcessingInitializeOnLoad (1ms)
			EditorAssembliesLoaded (0ms)
		ExecutionOrderSort2 (0ms)
		AwakeInstancesAfterBackupRestoration (3ms)
Refreshing native plugins compatible for Editor in 2.46 ms, found 4 plugins.
Preloading 0 native plugins for Editor in 0.00 ms.
Unloading 4435 Unused Serialized files (Serialized files now loaded: 0)
Unloading 53 unused Assets / (32.9 KB). Loaded Objects now: 4925.
Memory consumption went from 154.2 MB to 154.2 MB.
Total: 3.299600 ms (FindLiveObjects: 0.227900 ms CreateObjectMapping: 0.110700 ms MarkObjects: 2.835700 ms  DeleteObjects: 0.124400 ms)

Prepare: number of updated asset objects reloaded= 0
AssetImportParameters requested are different than current active one (requested -> active):
  custom:container-demuxer-ogg: 62fdf1f143b41e24485cea50d1cbac27 -> 
  custom:video-decoder-ogg-theora: a1e56fd34408186e4bbccfd4996cb3dc -> 
  custom:framework-win-MediaFoundation: 216162199b28c13a410421893ffa2e32 -> 
  custom:CustomObjectIndexerAttribute: 9a22284fe3817be447336de3de66b15e -> 
  custom:container-demuxer-webm: 4f35f7cbe854078d1ac9338744f61a02 -> 
  custom:container-muxer-webm: aa71ff27fc2769a1b78a27578f13a17b -> 
  custom:video-decoder-webm-vp8: 9c59270c3fd7afecdb556c50c9e8de78 -> 
  custom:SearchIndexIgnoredProperties: e643bd26f0fe6173181afceb89e7c659 -> 
  custom:AudioImporter_EditorPlatform: d09bf68614088b80899f8185d706f6e7 -> 
  custom:video-encoder-webm-vp8: eb34c28f22e8b96e1ab97ce403110664 -> 
  custom:audio-decoder-ogg-vorbis: bf7c407c2cedff20999df2af8eb42d56 -> 
  custom:audio-encoder-webm-vorbis: bf7c407c2cedff20999df2af8eb42d56 -> 
========================================================================
Received Prepare
Begin MonoManager ReloadAssembly
- Loaded All Assemblies, in  0.246 seconds
Refreshing native plugins compatible for Editor in 1.75 ms, found 4 plugins.
Native extension for WindowsStandalone target not found
Native extension for WebGL target not found
Mono: successfully reloaded assembly
- Finished resetting the current domain, in  0.498 seconds
Domain Reload Profiling: 745ms
	BeginReloadAssembly (94ms)
		ExecutionOrderSort (0ms)
		DisableScriptedObjects (2ms)
		BackupInstance (0ms)
		ReleaseScriptingObjects (0ms)
		CreateAndSetChildDomain (23ms)
	RebuildCommonClasses (17ms)
	RebuildNativeTypeToScriptingClass (6ms)
	initialDomainReloadingComplete (13ms)
	LoadAllAssembliesAndSetupDomain (117ms)
		LoadAssemblies (152ms)
		RebuildTransferFunctionScriptingTraits (0ms)
		AnalyzeDomain (11ms)
			TypeCache.Refresh (5ms)
				TypeCache.ScanAssembly (0ms)
			ScanForSourceGeneratedMonoScriptInfo (0ms)
			ResolveRequiredComponents (4ms)
	FinalizeReload (499ms)
		ReleaseScriptCaches (0ms)
		RebuildScriptCaches (0ms)
		SetupLoadedEditorAssemblies (241ms)
			LogAssemblyErrors (0ms)
			InitializePlatformSupportModulesInManaged (3ms)
			SetLoadedEditorAssemblies (3ms)
			RefreshPlugins (0ms)
			BeforeProcessingInitializeOnLoad (36ms)
			ProcessInitializeOnLoadAttributes (185ms)
			ProcessInitializeOnLoadMethodAttributes (11ms)
			AfterProcessingInitializeOnLoad (2ms)
			EditorAssembliesLoaded (0ms)
		ExecutionOrderSort2 (0ms)
		AwakeInstancesAfterBackupRestoration (4ms)
Refreshing native plugins compatible for Editor in 1.96 ms, found 4 plugins.
Preloading 0 native plugins for Editor in 0.00 ms.
Unloading 4435 Unused Serialized files (Serialized files now loaded: 0)
Unloading 53 unused Assets / (32.9 KB). Loaded Objects now: 4928.
Memory consumption went from 156.1 MB to 156.1 MB.
Total: 3.347100 ms (FindLiveObjects: 0.384500 ms CreateObjectMapping: 0.104900 ms MarkObjects: 2.770600 ms  DeleteObjects: 0.085800 ms)

Prepare: number of updated asset objects reloaded= 0
AssetImportParameters requested are different than current active one (requested -> active):
  custom:container-demuxer-ogg: 62fdf1f143b41e24485cea50d1cbac27 -> 
  custom:video-decoder-ogg-theora: a1e56fd34408186e4bbccfd4996cb3dc -> 
  custom:framework-win-MediaFoundation: 216162199b28c13a410421893ffa2e32 -> 
  custom:CustomObjectIndexerAttribute: 9a22284fe3817be447336de3de66b15e -> 
  custom:container-demuxer-webm: 4f35f7cbe854078d1ac9338744f61a02 -> 
  custom:container-muxer-webm: aa71ff27fc2769a1b78a27578f13a17b -> 
  custom:video-decoder-webm-vp8: 9c59270c3fd7afecdb556c50c9e8de78 -> 
  custom:SearchIndexIgnoredProperties: e643bd26f0fe6173181afceb89e7c659 -> 
  custom:AudioImporter_EditorPlatform: d09bf68614088b80899f8185d706f6e7 -> 
  custom:video-encoder-webm-vp8: eb34c28f22e8b96e1ab97ce403110664 -> 
  custom:audio-decoder-ogg-vorbis: bf7c407c2cedff20999df2af8eb42d56 -> 
  custom:audio-encoder-webm-vorbis: bf7c407c2cedff20999df2af8eb42d56 -> 
Editor requested this worker to shutdown with reason: Scaling down because of idle timeout
TcpMessagingSession - receive error: operation aborted. errorcode: 995, details: The I/O operation has been aborted because of either a thread exit or an application request.
AssetImportWorker is now disconnected from the server
Process exiting
Exiting without the bug reporter. Application will terminate with return code 0